<?xml version="1.0" encoding="UTF-8"?>
<!-- Generated by org.testng.reporters.JUnitReportReporter -->
<testsuite skipped="0" hostname="LAPTOP-7DB4GVKK" name="M1" tests="1" failures="0" timestamp="2022-09-09T14:15:13 IST" time="0.012" errors="0">
  <testcase name="m1" time="0.012" classname="M1"/>
</testsuite> <!-- M1 -->
